<?xml version="1.0" encoding="UTF-8"?>
<!-- Generated by org.testng.reporters.JUnitReportReporter -->
<testsuite hostname="AryaLenovo" failures="0" tests="1" name="com.qa.test.testClass" time="2.339" errors="0" timestamp="18 Aug 2022 05:51:12 GMT" skipped="0">
  <testcase classname="com.qa.test.testClass" name="login" time="2.339"/>
</testsuite> <!-- com.qa.test.testClass -->
