<?xml version="1.0" encoding="UTF-8"?>
<!-- Generated by org.testng.reporters.JUnitReportReporter -->
<testsuite hostname="AryaLenovo" failures="0" tests="1" name="com.qa.test1.testClass2" time="0.007" errors="0" timestamp="18 Aug 2022 06:35:41 GMT" skipped="0">
  <testcase classname="com.qa.test1.testClass2" name="login" time="0.007"/>
</testsuite> <!-- com.qa.test1.testClass2 -->
